<?xml version="1.0" encoding="UTF-8"?>
<!-- Generated by org.testng.reporters.JUnitReportReporter -->
<testsuite hostname="LIN24005969" failures="0" tests="3" name="All_Annotation_Testing" time="0.011" errors="0" timestamp="2021-08-12T21:42:32 IST" skipped="0">
  <testcase classname="All_Annotation_Testing" name="test3" time="0.002"/>
  <system-out/>
  <testcase classname="All_Annotation_Testing" name="test2" time="0.002"/>
  <system-out/>
  <testcase classname="All_Annotation_Testing" name="test1" time="0.007"/>
  <system-out/>
</testsuite> <!-- All_Annotation_Testing -->
