<?xml version="1.0" encoding="UTF-8"?>
<!-- Generated by org.testng.reporters.JUnitReportReporter -->
<testsuite hostname="LIN24005969" failures="0" tests="1" name="Keyword_Action" time="2.212" errors="0" timestamp="2021-08-12T21:46:51 IST" skipped="0">
  <testcase classname="Keyword_Action" name="login" time="2.212"/>
  <system-out/>
</testsuite> <!-- Keyword_Action -->
