<?xml version="1.0" encoding="UTF-8"?>
<!-- Generated by org.testng.reporters.JUnitReportReporter -->
<testsuite hostname="LIN24005969" failures="0" tests="3" name="Rediff" time="26.121" errors="0" timestamp="2021-08-12T21:41:36 IST" skipped="1">
  <testcase classname="Rediff" name="alert_handling" time="1.225"/>
  <system-out/>
  <testcase classname="Rediff" name="Create_Account" time="24.896"/>
  <system-out/>
  <testcase classname="Rediff" name="sign_link_click">
    <skipped/>
  </testcase> <!-- sign_link_click -->
  <system-out/>
</testsuite> <!-- Rediff -->
