<?xml version="1.0" encoding="UTF-8"?>
<!-- Generated by org.testng.reporters.JUnitReportReporter -->
<testsuite hostname="LIN24005969" failures="0" tests="1" name="Rediff_Create_Account" time="9.177" errors="0" timestamp="2021-08-12T11:24:02 IST" skipped="0">
  <testcase classname="Rediff_Create_Account" name="country_exits_validation" time="9.177"/>
  <system-out/>
</testsuite> <!-- Rediff_Create_Account -->
